
> sealed-backend@1.0.0 dev
> ts-node-dev --respawn --transpile-only src/server.ts

[INFO] 01:46:39 ts-node-dev ver. 2.0.0 (using ts-node ver. 10.9.2, typescript ver. 6.0.2)
[dotenv@17.3.1] injecting env (16) from .env -- tip: ⚙️  load multiple .env files with { path: ['.env.local', '.env'] }
Sealed backend listening on :4601
OTP EMAIL TO: astracorporations71@gmail.com
SMTP SUCCESS: {
  accepted: [ 'astracorporations71@gmail.com' ],
  rejected: [],
  ehlo: [
    'SIZE 35882577',
    '8BITMIME',
    'AUTH LOGIN PLAIN XOAUTH2 PLAIN-CLIENTTOKEN OAUTHBEARER XOAUTH',
    'ENHANCEDSTATUSCODES',
    'PIPELINING',
    'CHUNKING',
    'SMTPUTF8'
  ],
  envelopeTime: 730,
  messageTime: 747,
  messageSize: 313,
  response: '250 2.0.0 OK  1775679407 98e67ed59e1d1-35e35156445sm476109a91.14 - gsmtp',
  envelope: {
    from: 'astracorporations71@gmail.com',
    to: [ 'astracorporations71@gmail.com' ]
  },
  messageId: '<2329fcd0-96b3-cc93-167e-ba8734cc3d0e@gmail.com>'
}
[INFO] 02:35:11 Restarting: F:\Blockchain Project\backend\src\services\mailer.ts has been modified
[dotenv@17.3.1] injecting env (16) from .env -- tip: 🛠️  run anywhere with `dotenvx run -- yourcommand`
Sealed backend listening on :4601
SMTP SUCCESS: {
  accepted: [ 'astracorporations71@gmail.com' ],
  rejected: [],
  ehlo: [
    'SIZE 35882577',
    '8BITMIME',
    'AUTH LOGIN PLAIN XOAUTH2 PLAIN-CLIENTTOKEN OAUTHBEARER XOAUTH',
    'ENHANCEDSTATUSCODES',
    'PIPELINING',
    'CHUNKING',
    'SMTPUTF8'
  ],
  envelopeTime: 707,
  messageTime: 699,
  messageSize: 313,
  response: '250 2.0.0 OK  1775682319 d9443c01a7336-2b2749cbd07sm194651295ad.72 - gsmtp',
  envelope: {
    from: 'astracorporations71@gmail.com',
    to: [ 'astracorporations71@gmail.com' ]
  },
  messageId: '<e39442fb-7a7e-06a4-662c-fba0e32bb3b6@gmail.com>'
}
[INFO] 02:42:55 Restarting: F:\Blockchain Project\backend\src\services\mailer.ts has been modified
[dotenv@17.3.1] injecting env (16) from .env -- tip: 🔐 encrypt with Dotenvx: https://dotenvx.com
Sealed backend listening on :4601
[ERROR] 02:42:58 TypeError: (0 , mailer_1.testSMTP) is not a function
[INFO] 02:42:59 Restarting: F:\Blockchain Project\backend\src\server.ts has been modified
[dotenv@17.3.1] injecting env (16) from .env -- tip: ⚙️  write to custom object with { processEnv: myObject }
Sealed backend listening on :4601
[INFO] 02:58:35 Restarting: F:\Blockchain Project\backend\src\config\env.ts has been modified
[dotenv@17.3.1] injecting env (17) from .env -- tip: ⚙️  override existing env vars with { override: true }
Sealed backend listening on :4601
[INFO] 02:59:40 Restarting: F:\Blockchain Project\backend\src\services\mailer.ts has been modified
[dotenv@17.3.1] injecting env (17) from .env -- tip: 🛡️ auth for agents: https://vestauth.com
Sealed backend listening on :4601
