
> sealed-backend@1.0.0 dev
> ts-node-dev --respawn --transpile-only src/server.ts

[INFO] 01:47:26 ts-node-dev ver. 2.0.0 (using ts-node ver. 10.9.2, typescript ver. 6.0.2)
[dotenv@17.3.1] injecting env (16) from .env -- tip: ΓÜí∩╕Å secrets for agents: https://dotenvx.com/as2
Sealed backend listening on :4601
SMTP SUCCESS: {
  accepted: [ 'astracorporations71@gmail.com' ],
  rejected: [],
  ehlo: [
    'SIZE 35882577',
    '8BITMIME',
    'AUTH LOGIN PLAIN XOAUTH2 PLAIN-CLIENTTOKEN OAUTHBEARER XOAUTH',
    'ENHANCEDSTATUSCODES',
    'PIPELINING',
    'CHUNKING',
    'SMTPUTF8'
  ],
  envelopeTime: 724,
  messageTime: 669,
  messageSize: 313,
  response: '250 2.0.0 OK  1775679452 d9443c01a7336-2b2749eeb9esm264472615ad.84 - gsmtp',
  envelope: {
    from: 'astracorporations71@gmail.com',
    to: [ 'astracorporations71@gmail.com' ]
  },
  messageId: '<70ea410f-5779-10c4-1482-a0c62129bb6f@gmail.com>'
}
OTP EMAIL TO: astracorporations71@gmail.com
